<?xml version="1.0" encoding="UTF-8"?>
<!-- Generated by org.testng.reporters.JUnitReportReporter -->
<testsuite hostname="DESKTOP-38IVIV3" failures="0" tests="2" name="RegisterBank.RegisterPageBank" time="1.254" errors="0" timestamp="2022-04-30T12:10:58 CEST" skipped="0">
  <testcase classname="RegisterBank.RegisterPageBank" name="sofAssertion" time="0.761"/>
  <system-out/>
  <testcase classname="RegisterBank.RegisterPageBank" name="hardAssertion" time="0.493"/>
  <system-out/>
</testsuite> <!-- RegisterBank.RegisterPageBank -->
