<?xml version="1.0" encoding="UTF-8"?>
<!-- Generated by org.testng.reporters.JUnitReportReporter -->
<testsuite hostname="DESKTOP-38IVIV3" failures="0" tests="2" name="registerFrom.RegisterPage" time="1.809" errors="0" timestamp="2022-04-30T12:10:58 CEST" skipped="0">
  <testcase classname="registerFrom.RegisterPage" name="listOfElements" time="1.573"/>
  <system-out/>
  <testcase classname="registerFrom.RegisterPage" name="selectFromDropDown" time="0.236"/>
  <system-out/>
</testsuite> <!-- registerFrom.RegisterPage -->
