<?xml version="1.0" encoding="UTF-8"?>
<!-- Generated by org.testng.reporters.JUnitReportReporter -->
<testsuite hostname="DESKTOP-38IVIV3" failures="0" tests="4" name="ParaBank.LoginPage" time="1.587" errors="0" timestamp="2022-04-30T00:03:02 CEST" skipped="0">
  <testcase classname="ParaBank.LoginPage" name="empty_Data" time="0.627"/>
  <system-out/>
  <testcase classname="ParaBank.LoginPage" name="verify_ErrorMessage" time="0.060"/>
  <system-out/>
  <testcase classname="ParaBank.LoginPage" name="valid_Data" time="0.856"/>
  <system-out/>
  <testcase classname="ParaBank.LoginPage" name="verify_successfulMessage" time="0.044"/>
  <system-out/>
</testsuite> <!-- ParaBank.LoginPage -->
