<?xml version="1.0" encoding="UTF-8"?>
<!-- Generated by org.testng.reporters.JUnitReportReporter -->
<testsuite hostname="DESKTOP-38IVIV3" failures="0" tests="2" name="Wait.LoginPageWait" time="3.629" errors="0" timestamp="2022-04-30T12:10:58 CEST" skipped="0">
  <testcase classname="Wait.LoginPageWait" name="clickLoginButton" time="0.964"/>
  <system-out/>
  <testcase classname="Wait.LoginPageWait" name="enterValidMailandPassword" time="2.665"/>
  <system-out/>
</testsuite> <!-- Wait.LoginPageWait -->
