<?xml version="1.0" encoding="UTF-8"?>
<!-- Generated by org.testng.reporters.JUnitReportReporter -->
<testsuite hostname="DESKTOP-38IVIV3" failures="0" tests="2" name="phptravel.newFileRegister.NewRegister" time="0.654" errors="0" timestamp="2022-04-29T23:12:15 CEST" skipped="0">
  <testcase classname="phptravel.newFileRegister.NewRegister" name="checkTitle" time="0.025"/>
  <system-out/>
  <testcase classname="phptravel.newFileRegister.NewRegister" name="personalInformation" time="0.629"/>
  <system-out/>
</testsuite> <!-- phptravel.newFileRegister.NewRegister -->
