<?xml version="1.0" encoding="UTF-8"?>
<!-- Generated by org.testng.reporters.JUnitReportReporter -->
<testsuite hostname="DESKTOP-38IVIV3" failures="0" tests="2" name="locaters.LoginOrangeHRM" time="0.931" errors="0" timestamp="2022-04-30T00:46:19 CEST" skipped="0">
  <testcase classname="locaters.LoginOrangeHRM" name="uniqueLocater" time="0.124"/>
  <system-out/>
  <testcase classname="locaters.LoginOrangeHRM" name="notUniqueLocator" time="0.807"/>
  <system-out/>
</testsuite> <!-- locaters.LoginOrangeHRM -->
