<?xml version="1.0" encoding="UTF-8"?>
<!-- Generated by org.testng.reporters.JUnitReportReporter -->
<testsuite hostname="DESKTOP-38IVIV3" failures="0" tests="3" name="locaters.DemoRequest_" time="1.202" errors="0" timestamp="2022-04-30T12:10:58 CEST" skipped="0">
  <testcase classname="locaters.DemoRequest_" name="EnterFirstNameLastName" time="0.824"/>
  <system-out/>
  <testcase classname="locaters.DemoRequest_" name="choos_checkbox" time="0.197"/>
  <system-out/>
  <testcase classname="locaters.DemoRequest_" name="choose_Radiobutton" time="0.181"/>
  <system-out/>
</testsuite> <!-- locaters.DemoRequest_ -->
